  Taller.cpp
C:\Users\david\Desktop\Taller-visual\Taller\Taller\Taller.cpp(118): warning C4129: '_': secuencia de escape de carácter no reconocida
C:\Users\david\Desktop\Taller-visual\Taller\Taller\Taller.cpp(119): warning C4129: ' ': secuencia de escape de carácter no reconocida
C:\Users\david\Desktop\Taller-visual\Taller\Taller\Taller.cpp(119): warning C4129: '|': secuencia de escape de carácter no reconocida
C:\Users\david\Desktop\Taller-visual\Taller\Taller\Taller.cpp(119): warning C4129: '_': secuencia de escape de carácter no reconocida
C:\Users\david\Desktop\Taller-visual\Taller\Taller\Taller.cpp(120): warning C4129: ' ': secuencia de escape de carácter no reconocida
C:\Users\david\Desktop\Taller-visual\Taller\Taller\Taller.cpp(120): warning C4129: '/': secuencia de escape de carácter no reconocida
C:\Users\david\Desktop\Taller-visual\Taller\Taller\Taller.cpp(120): warning C4129: '|': secuencia de escape de carácter no reconocida
C:\Users\david\Desktop\Taller-visual\Taller\Taller\Taller.cpp(121): warning C4129: '_': secuencia de escape de carácter no reconocida
C:\Users\david\Desktop\Taller-visual\Taller\Taller\Taller.cpp(122): warning C4129: '/': secuencia de escape de carácter no reconocida
C:\Users\david\Desktop\Taller-visual\Taller\Taller\Taller.cpp(126): warning C4129: '_': secuencia de escape de carácter no reconocida
C:\Users\david\Desktop\Taller-visual\Taller\Taller\Taller.cpp(126): warning C4129: '/': secuencia de escape de carácter no reconocida
C:\Users\david\Desktop\Taller-visual\Taller\Taller\Taller.cpp(128): warning C4129: '_': secuencia de escape de carácter no reconocida
C:\Users\david\Desktop\Taller-visual\Taller\Taller\Taller.cpp(129): warning C4129: '/': secuencia de escape de carácter no reconocida
  Generando código
  1 of 36 functions ( 2.8%) were compiled, the rest were copied from previous compilation.
    0 functions were new in current compilation
    2 functions had inline decision re-evaluated but remain unchanged
  Generación de código finalizada
  Taller.vcxproj -> C:\Users\david\Desktop\Taller-visual\Taller\Release\Taller.exe
